<?xml version="1.0" encoding="UTF-8" ?>
<testsuite failures="0" time="0.765" errors="1" skipped="0" tests="1" name="message.TestMessage">
  <properties>
    <property name="java.runtime.name" value="Java(TM) SE Runtime Environment"/>
    <property name="sun.boot.library.path" value="C:\Program Files\Java\jdk1.6.0_18\jre\bin"/>
    <property name="java.vm.version" value="16.0-b13"/>
    <property name="java.vm.vendor" value="Sun Microsystems Inc."/>
    <property name="java.vendor.url" value="http://java.sun.com/"/>
    <property name="path.separator" value=";"/>
    <property name="java.vm.name" value="Java HotSpot(TM) Client VM"/>
    <property name="file.encoding.pkg" value="sun.io"/>
    <property name="user.country" value="FR"/>
    <property name="sun.java.launcher" value="SUN_STANDARD"/>
    <property name="sun.os.patch.level" value="Service Pack 3"/>
    <property name="java.vm.specification.name" value="Java Virtual Machine Specification"/>
    <property name="user.dir" value="C:\enterprise-integration-1.1.1.RELEASE\workspace\demospringintegration"/>
    <property name="java.runtime.version" value="1.6.0_18-b07"/>
    <property name="java.awt.graphicsenv" value="sun.awt.Win32GraphicsEnvironment"/>
    <property name="basedir" value="C:\enterprise-integration-1.1.1.RELEASE\workspace\demospringintegration"/>
    <property name="java.endorsed.dirs" value="C:\Program Files\Java\jdk1.6.0_18\jre\lib\endorsed"/>
    <property name="os.arch" value="x86"/>
    <property name="surefire.real.class.path" value="C:\DOCUME~1\Zenika\LOCALS~1\Temp\surefirebooter462284320286719434.jar"/>
    <property name="java.io.tmpdir" value="C:\DOCUME~1\Zenika\LOCALS~1\Temp\"/>
    <property name="line.separator" value="
"/>
    <property name="java.vm.specification.vendor" value="Sun Microsystems Inc."/>
    <property name="user.variant" value=""/>
    <property name="os.name" value="Windows XP"/>
    <property name="sun.jnu.encoding" value="Cp1252"/>
    <property name="java.library.path" value="C:\Program Files\Java\jdk1.6.0_18\jre\bin;.;C:\WINDOWS\Sun\Java\bin;C:\WINDOWS\system32;C:\WINDOWS;C:\WINDOWS\system32;C:\WINDOWS;C:\WINDOWS\System32\Wbem;C:\install\apache-maven-2.2.1\bin;C:\Formation\Java\SDK\bin;C:\Formation\Subversion\bin;C:\Program Files\Subversion\bin"/>
    <property name="surefire.test.class.path" value="C:\enterprise-integration-1.1.1.RELEASE\workspace\demospringintegration\target\test-classes;C:\enterprise-integration-1.1.1.RELEASE\workspace\demospringintegration\target\classes;C:\enterprise-integration-1.1.1.RELEASE\repository\org\springframework\spring-core\3.0.0.RELEASE\spring-core-3.0.0.RELEASE.jar;C:\enterprise-integration-1.1.1.RELEASE\repository\org\springframework\spring-asm\3.0.0.RELEASE\spring-asm-3.0.0.RELEASE.jar;C:\enterprise-integration-1.1.1.RELEASE\repository\commons-logging\commons-logging\1.1.1\commons-logging-1.1.1.jar;C:\enterprise-integration-1.1.1.RELEASE\repository\org\springframework\spring-expression\3.0.0.RELEASE\spring-expression-3.0.0.RELEASE.jar;C:\enterprise-integration-1.1.1.RELEASE\repository\org\springframework\spring-beans\3.0.0.RELEASE\spring-beans-3.0.0.RELEASE.jar;C:\enterprise-integration-1.1.1.RELEASE\repository\org\springframework\spring-aop\3.0.0.RELEASE\spring-aop-3.0.0.RELEASE.jar;C:\enterprise-integration-1.1.1.RELEASE\repository\aopalliance\aopalliance\1.0\aopalliance-1.0.jar;C:\enterprise-integration-1.1.1.RELEASE\repository\org\springframework\spring-context\3.0.0.RELEASE\spring-context-3.0.0.RELEASE.jar;C:\enterprise-integration-1.1.1.RELEASE\repository\org\springframework\spring-context-support\3.0.0.RELEASE\spring-context-support-3.0.0.RELEASE.jar;C:\enterprise-integration-1.1.1.RELEASE\repository\org\springframework\spring-tx\3.0.0.RELEASE\spring-tx-3.0.0.RELEASE.jar;C:\enterprise-integration-1.1.1.RELEASE\repository\org\springframework\spring-jdbc\3.0.0.RELEASE\spring-jdbc-3.0.0.RELEASE.jar;C:\enterprise-integration-1.1.1.RELEASE\repository\org\springframework\spring-orm\3.0.0.RELEASE\spring-orm-3.0.0.RELEASE.jar;C:\enterprise-integration-1.1.1.RELEASE\repository\org\springframework\spring-oxm\3.0.0.RELEASE\spring-oxm-3.0.0.RELEASE.jar;C:\enterprise-integration-1.1.1.RELEASE\repository\org\springframework\spring-web\3.0.0.RELEASE\spring-web-3.0.0.RELEASE.jar;C:\enterprise-integration-1.1.1.RELEASE\repository\org\springframework\spring-webmvc\3.0.0.RELEASE\spring-webmvc-3.0.0.RELEASE.jar;C:\enterprise-integration-1.1.1.RELEASE\repository\org\springframework\spring-webmvc-portlet\3.0.0.RELEASE\spring-webmvc-portlet-3.0.0.RELEASE.jar;C:\enterprise-integration-1.1.1.RELEASE\repository\org\springframework\spring-test\3.0.0.RELEASE\spring-test-3.0.0.RELEASE.jar;C:\enterprise-integration-1.1.1.RELEASE\repository\org\springframework\integration\spring-integration-core\2.0.0.M7\spring-integration-core-2.0.0.M7.jar;C:\enterprise-integration-1.1.1.RELEASE\repository\org\springframework\batch\spring-batch-core\2.1.0.RELEASE\spring-batch-core-2.1.0.RELEASE.jar;C:\enterprise-integration-1.1.1.RELEASE\repository\org\springframework\batch\spring-batch-infrastructure\2.1.0.RELEASE\spring-batch-infrastructure-2.1.0.RELEASE.jar;C:\enterprise-integration-1.1.1.RELEASE\repository\com\thoughtworks\xstream\xstream\1.3\xstream-1.3.jar;C:\enterprise-integration-1.1.1.RELEASE\repository\xpp3\xpp3_min\1.1.4c\xpp3_min-1.1.4c.jar;C:\enterprise-integration-1.1.1.RELEASE\repository\org\codehaus\jettison\jettison\1.1\jettison-1.1.jar;C:\enterprise-integration-1.1.1.RELEASE\repository\org\springframework\batch\spring-batch-test\2.1.0.RELEASE\spring-batch-test-2.1.0.RELEASE.jar;C:\enterprise-integration-1.1.1.RELEASE\repository\junit\junit\4.7\junit-4.7.jar;"/>
    <property name="java.specification.name" value="Java Platform API Specification"/>
    <property name="java.class.version" value="50.0"/>
    <property name="sun.management.compiler" value="HotSpot Client Compiler"/>
    <property name="os.version" value="5.1"/>
    <property name="user.home" value="C:\Documents and Settings\Zenika"/>
    <property name="user.timezone" value="Europe/Paris"/>
    <property name="java.awt.printerjob" value="sun.awt.windows.WPrinterJob"/>
    <property name="java.specification.version" value="1.6"/>
    <property name="file.encoding" value="Cp1252"/>
    <property name="user.name" value="Zenika"/>
    <property name="java.class.path" value="C:\enterprise-integration-1.1.1.RELEASE\workspace\demospringintegration\target\test-classes;C:\enterprise-integration-1.1.1.RELEASE\workspace\demospringintegration\target\classes;C:\enterprise-integration-1.1.1.RELEASE\repository\org\springframework\spring-core\3.0.0.RELEASE\spring-core-3.0.0.RELEASE.jar;C:\enterprise-integration-1.1.1.RELEASE\repository\org\springframework\spring-asm\3.0.0.RELEASE\spring-asm-3.0.0.RELEASE.jar;C:\enterprise-integration-1.1.1.RELEASE\repository\commons-logging\commons-logging\1.1.1\commons-logging-1.1.1.jar;C:\enterprise-integration-1.1.1.RELEASE\repository\org\springframework\spring-expression\3.0.0.RELEASE\spring-expression-3.0.0.RELEASE.jar;C:\enterprise-integration-1.1.1.RELEASE\repository\org\springframework\spring-beans\3.0.0.RELEASE\spring-beans-3.0.0.RELEASE.jar;C:\enterprise-integration-1.1.1.RELEASE\repository\org\springframework\spring-aop\3.0.0.RELEASE\spring-aop-3.0.0.RELEASE.jar;C:\enterprise-integration-1.1.1.RELEASE\repository\aopalliance\aopalliance\1.0\aopalliance-1.0.jar;C:\enterprise-integration-1.1.1.RELEASE\repository\org\springframework\spring-context\3.0.0.RELEASE\spring-context-3.0.0.RELEASE.jar;C:\enterprise-integration-1.1.1.RELEASE\repository\org\springframework\spring-context-support\3.0.0.RELEASE\spring-context-support-3.0.0.RELEASE.jar;C:\enterprise-integration-1.1.1.RELEASE\repository\org\springframework\spring-tx\3.0.0.RELEASE\spring-tx-3.0.0.RELEASE.jar;C:\enterprise-integration-1.1.1.RELEASE\repository\org\springframework\spring-jdbc\3.0.0.RELEASE\spring-jdbc-3.0.0.RELEASE.jar;C:\enterprise-integration-1.1.1.RELEASE\repository\org\springframework\spring-orm\3.0.0.RELEASE\spring-orm-3.0.0.RELEASE.jar;C:\enterprise-integration-1.1.1.RELEASE\repository\org\springframework\spring-oxm\3.0.0.RELEASE\spring-oxm-3.0.0.RELEASE.jar;C:\enterprise-integration-1.1.1.RELEASE\repository\org\springframework\spring-web\3.0.0.RELEASE\spring-web-3.0.0.RELEASE.jar;C:\enterprise-integration-1.1.1.RELEASE\repository\org\springframework\spring-webmvc\3.0.0.RELEASE\spring-webmvc-3.0.0.RELEASE.jar;C:\enterprise-integration-1.1.1.RELEASE\repository\org\springframework\spring-webmvc-portlet\3.0.0.RELEASE\spring-webmvc-portlet-3.0.0.RELEASE.jar;C:\enterprise-integration-1.1.1.RELEASE\repository\org\springframework\spring-test\3.0.0.RELEASE\spring-test-3.0.0.RELEASE.jar;C:\enterprise-integration-1.1.1.RELEASE\repository\org\springframework\integration\spring-integration-core\2.0.0.M7\spring-integration-core-2.0.0.M7.jar;C:\enterprise-integration-1.1.1.RELEASE\repository\org\springframework\batch\spring-batch-core\2.1.0.RELEASE\spring-batch-core-2.1.0.RELEASE.jar;C:\enterprise-integration-1.1.1.RELEASE\repository\org\springframework\batch\spring-batch-infrastructure\2.1.0.RELEASE\spring-batch-infrastructure-2.1.0.RELEASE.jar;C:\enterprise-integration-1.1.1.RELEASE\repository\com\thoughtworks\xstream\xstream\1.3\xstream-1.3.jar;C:\enterprise-integration-1.1.1.RELEASE\repository\xpp3\xpp3_min\1.1.4c\xpp3_min-1.1.4c.jar;C:\enterprise-integration-1.1.1.RELEASE\repository\org\codehaus\jettison\jettison\1.1\jettison-1.1.jar;C:\enterprise-integration-1.1.1.RELEASE\repository\org\springframework\batch\spring-batch-test\2.1.0.RELEASE\spring-batch-test-2.1.0.RELEASE.jar;C:\enterprise-integration-1.1.1.RELEASE\repository\junit\junit\4.7\junit-4.7.jar;"/>
    <property name="java.vm.specification.version" value="1.0"/>
    <property name="sun.arch.data.model" value="32"/>
    <property name="java.home" value="C:\Program Files\Java\jdk1.6.0_18\jre"/>
    <property name="java.specification.vendor" value="Sun Microsystems Inc."/>
    <property name="user.language" value="fr"/>
    <property name="awt.toolkit" value="sun.awt.windows.WToolkit"/>
    <property name="java.vm.info" value="mixed mode, sharing"/>
    <property name="java.version" value="1.6.0_18"/>
    <property name="java.ext.dirs" value="C:\Program Files\Java\jdk1.6.0_18\jre\lib\ext;C:\WINDOWS\Sun\Java\lib\ext"/>
    <property name="sun.boot.class.path" value="C:\Program Files\Java\jdk1.6.0_18\jre\lib\resources.jar;C:\Program Files\Java\jdk1.6.0_18\jre\lib\rt.jar;C:\Program Files\Java\jdk1.6.0_18\jre\lib\sunrsasign.jar;C:\Program Files\Java\jdk1.6.0_18\jre\lib\jsse.jar;C:\Program Files\Java\jdk1.6.0_18\jre\lib\jce.jar;C:\Program Files\Java\jdk1.6.0_18\jre\lib\charsets.jar;C:\Program Files\Java\jdk1.6.0_18\jre\classes"/>
    <property name="java.vendor" value="Sun Microsystems Inc."/>
    <property name="localRepository" value="C:\enterprise-integration-1.1.1.RELEASE\repository"/>
    <property name="file.separator" value="\"/>
    <property name="java.vendor.url.bug" value="http://java.sun.com/cgi-bin/bugreport.cgi"/>
    <property name="sun.cpu.endian" value="little"/>
    <property name="sun.io.unicode.encoding" value="UnicodeLittle"/>
    <property name="sun.desktop" value="windows"/>
    <property name="sun.cpu.isalist" value=""/>
  </properties>
  <testcase time="0.735" classname="message.TestMessage" name="testbidon">
    <error message="Failed to load ApplicationContext" type="java.lang.IllegalStateException">java.lang.IllegalStateException: Failed to load ApplicationContext
	at org.springframework.test.context.TestContext.getApplicationContext(TestContext.java:308)
	at org.springframework.test.context.support.DependencyInjectionTestExecutionListener.injectDependencies(DependencyInjectionTestExecutionListener.java:109)
	at org.springframework.test.context.support.DependencyInjectionTestExecutionListener.prepareTestInstance(DependencyInjectionTestExecutionListener.java:75)
	at org.springframework.test.context.TestContextManager.prepareTestInstance(TestContextManager.java:333)
	at org.springframework.test.context.junit4.SpringJUnit4ClassRunner.createTest(SpringJUnit4ClassRunner.java:220)
	at org.springframework.test.context.junit4.SpringJUnit4ClassRunner$1.runReflectiveCall(SpringJUnit4ClassRunner.java:301)
	at org.junit.internal.runners.model.ReflectiveCallable.run(ReflectiveCallable.java:15)
	at org.springframework.test.context.junit4.SpringJUnit4ClassRunner.methodBlock(SpringJUnit4ClassRunner.java:303)
	at org.springframework.test.context.junit4.SpringJUnit4ClassRunner.runChild(SpringJUnit4ClassRunner.java:240)
	at org.junit.runners.BlockJUnit4ClassRunner.runChild(BlockJUnit4ClassRunner.java:50)
	at org.junit.runners.ParentRunner$3.run(ParentRunner.java:193)
	at org.junit.runners.ParentRunner$1.schedule(ParentRunner.java:52)
	at org.junit.runners.ParentRunner.runChildren(ParentRunner.java:191)
	at org.junit.runners.ParentRunner.access$000(ParentRunner.java:42)
	at org.junit.runners.ParentRunner$2.evaluate(ParentRunner.java:184)
	at org.springframework.test.context.junit4.statements.RunBeforeTestClassCallbacks.evaluate(RunBeforeTestClassCallbacks.java:61)
	at org.springframework.test.context.junit4.statements.RunAfterTestClassCallbacks.evaluate(RunAfterTestClassCallbacks.java:70)
	at org.junit.runners.ParentRunner.run(ParentRunner.java:236)
	at org.springframework.test.context.junit4.SpringJUnit4ClassRunner.run(SpringJUnit4ClassRunner.java:180)
	at org.apache.maven.surefire.junit4.JUnit4TestSet.execute(JUnit4TestSet.java:62)
	at org.apache.maven.surefire.suite.AbstractDirectoryTestSuite.executeTestSet(AbstractDirectoryTestSuite.java:140)
	at org.apache.maven.surefire.suite.AbstractDirectoryTestSuite.execute(AbstractDirectoryTestSuite.java:127)
	at org.apache.maven.surefire.Surefire.run(Surefire.java:177)
	at sun.reflect.NativeMethodAccessorImpl.invoke0(Native Method)
	at sun.reflect.NativeMethodAccessorImpl.invoke(NativeMethodAccessorImpl.java:39)
	at sun.reflect.DelegatingMethodAccessorImpl.invoke(DelegatingMethodAccessorImpl.java:25)
	at java.lang.reflect.Method.invoke(Method.java:597)
	at org.apache.maven.surefire.booter.SurefireBooter.runSuitesInProcess(SurefireBooter.java:345)
	at org.apache.maven.surefire.booter.SurefireBooter.main(SurefireBooter.java:1009)
Caused by: org.springframework.beans.factory.BeanCreationException: Error creating bean with name &apos;welcomeProcessor&apos;: Invocation of init method failed; nested exception is java.lang.NoClassDefFoundError: org/springframework/expression/BeanResolver
	at org.springframework.beans.factory.support.AbstractAutowireCapableBeanFactory.initializeBean(AbstractAutowireCapableBeanFactory.java:1401)
	at org.springframework.beans.factory.support.AbstractAutowireCapableBeanFactory.doCreateBean(AbstractAutowireCapableBeanFactory.java:512)
	at org.springframework.beans.factory.support.AbstractAutowireCapableBeanFactory.createBean(AbstractAutowireCapableBeanFactory.java:450)
	at org.springframework.beans.factory.support.AbstractBeanFactory$1.getObject(AbstractBeanFactory.java:290)
	at org.springframework.beans.factory.support.DefaultSingletonBeanRegistry.getSingleton(DefaultSingletonBeanRegistry.java:222)
	at org.springframework.beans.factory.support.AbstractBeanFactory.doGetBean(AbstractBeanFactory.java:287)
	at org.springframework.beans.factory.support.AbstractBeanFactory.getBean(AbstractBeanFactory.java:189)
	at org.springframework.beans.factory.support.DefaultListableBeanFactory.preInstantiateSingletons(DefaultListableBeanFactory.java:540)
	at org.springframework.context.support.AbstractApplicationContext.finishBeanFactoryInitialization(AbstractApplicationContext.java:842)
	at org.springframework.context.support.AbstractApplicationContext.refresh(AbstractApplicationContext.java:416)
	at org.springframework.test.context.support.AbstractGenericContextLoader.loadContext(AbstractGenericContextLoader.java:84)
	at org.springframework.test.context.support.AbstractGenericContextLoader.loadContext(AbstractGenericContextLoader.java:1)
	at org.springframework.test.context.TestContext.loadApplicationContext(TestContext.java:280)
	at org.springframework.test.context.TestContext.getApplicationContext(TestContext.java:304)
	... 28 more
Caused by: java.lang.NoClassDefFoundError: org/springframework/expression/BeanResolver
	at org.springframework.integration.gateway.GatewayProxyFactoryBean.createGatewayForMethod(GatewayProxyFactoryBean.java:352)
	at org.springframework.integration.gateway.GatewayProxyFactoryBean.onInit(GatewayProxyFactoryBean.java:209)
	at org.springframework.integration.context.IntegrationObjectSupport.afterPropertiesSet(IntegrationObjectSupport.java:102)
	at org.springframework.beans.factory.support.AbstractAutowireCapableBeanFactory.invokeInitMethods(AbstractAutowireCapableBeanFactory.java:1460)
	at org.springframework.beans.factory.support.AbstractAutowireCapableBeanFactory.initializeBean(AbstractAutowireCapableBeanFactory.java:1398)
	... 41 more
Caused by: java.lang.ClassNotFoundException: org.springframework.expression.BeanResolver
	at java.net.URLClassLoader$1.run(URLClassLoader.java:202)
	at java.security.AccessController.doPrivileged(Native Method)
	at java.net.URLClassLoader.findClass(URLClassLoader.java:190)
	at java.lang.ClassLoader.loadClass(ClassLoader.java:307)
	at sun.misc.Launcher$AppClassLoader.loadClass(Launcher.java:301)
	at java.lang.ClassLoader.loadClass(ClassLoader.java:248)
	... 46 more
</error>
  </testcase>
</testsuite>